Determining if the pthread_create exist failed with the following output:
Change Dir: /home/codio/workspace/hw3/hw3_tests/CMakeFiles/CMakeTmp

<<<<<<< HEAD
Run Build Command:"/usr/bin/make" "cmTC_55333/fast"
/usr/bin/make -f CMakeFiles/cmTC_55333.dir/build.make CMakeFiles/cmTC_55333.dir/build
make[1]: Entering directory '/home/codio/workspace/hw3/hw3_tests/CMakeFiles/CMakeTmp'
Building C object CMakeFiles/cmTC_55333.dir/CheckSymbolExists.c.o
/usr/bin/cc    -o CMakeFiles/cmTC_55333.dir/CheckSymbolExists.c.o   -c /home/codio/workspace/hw3/hw3_tests/CMakeFiles/CMakeTmp/CheckSymbolExists.c
Linking C executable cmTC_55333
/usr/bin/cmake -E cmake_link_script CMakeFiles/cmTC_55333.dir/link.txt --verbose=1
/usr/bin/cc      CMakeFiles/cmTC_55333.dir/CheckSymbolExists.c.o  -o cmTC_55333 
CMakeFiles/cmTC_55333.dir/CheckSymbolExists.c.o: In function `main':
CheckSymbolExists.c:(.text+0x1b): undefined reference to `pthread_create'
collect2: error: ld returned 1 exit status
CMakeFiles/cmTC_55333.dir/build.make:97: recipe for target 'cmTC_55333' failed
make[1]: *** [cmTC_55333] Error 1
make[1]: Leaving directory '/home/codio/workspace/hw3/hw3_tests/CMakeFiles/CMakeTmp'
Makefile:126: recipe for target 'cmTC_55333/fast' failed
make: *** [cmTC_55333/fast] Error 2
=======
Run Build Command:"/usr/bin/make" "cmTC_47a6e/fast"
/usr/bin/make -f CMakeFiles/cmTC_47a6e.dir/build.make CMakeFiles/cmTC_47a6e.dir/build
make[1]: Entering directory '/home/codio/workspace/hw3/hw3_tests/CMakeFiles/CMakeTmp'
Building C object CMakeFiles/cmTC_47a6e.dir/CheckSymbolExists.c.o
/usr/bin/cc    -o CMakeFiles/cmTC_47a6e.dir/CheckSymbolExists.c.o   -c /home/codio/workspace/hw3/hw3_tests/CMakeFiles/CMakeTmp/CheckSymbolExists.c
Linking C executable cmTC_47a6e
/usr/bin/cmake -E cmake_link_script CMakeFiles/cmTC_47a6e.dir/link.txt --verbose=1
/usr/bin/cc      CMakeFiles/cmTC_47a6e.dir/CheckSymbolExists.c.o  -o cmTC_47a6e 
CMakeFiles/cmTC_47a6e.dir/CheckSymbolExists.c.o: In function `main':
CheckSymbolExists.c:(.text+0x1b): undefined reference to `pthread_create'
collect2: error: ld returned 1 exit status
CMakeFiles/cmTC_47a6e.dir/build.make:97: recipe for target 'cmTC_47a6e' failed
make[1]: *** [cmTC_47a6e] Error 1
make[1]: Leaving directory '/home/codio/workspace/hw3/hw3_tests/CMakeFiles/CMakeTmp'
Makefile:126: recipe for target 'cmTC_47a6e/fast' failed
make: *** [cmTC_47a6e/fast] Error 2
>>>>>>> 4f625840be2f8b71b708e59b4cd5b618df406c7a

File /home/codio/workspace/hw3/hw3_tests/CMakeFiles/CMakeTmp/CheckSymbolExists.c:
/* */
#include <pthread.h>

int main(int argc, char** argv)
{
  (void)argv;
#ifndef pthread_create
  return ((int*)(&pthread_create))[argc];
#else
  (void)argc;
  return 0;
#endif
}

Determining if the function pthread_create exists in the pthreads failed with the following output:
Change Dir: /home/codio/workspace/hw3/hw3_tests/CMakeFiles/CMakeTmp

<<<<<<< HEAD
Run Build Command:"/usr/bin/make" "cmTC_c6c1e/fast"
/usr/bin/make -f CMakeFiles/cmTC_c6c1e.dir/build.make CMakeFiles/cmTC_c6c1e.dir/build
make[1]: Entering directory '/home/codio/workspace/hw3/hw3_tests/CMakeFiles/CMakeTmp'
Building C object CMakeFiles/cmTC_c6c1e.dir/CheckFunctionExists.c.o
/usr/bin/cc   -DCHECK_FUNCTION_EXISTS=pthread_create   -o CMakeFiles/cmTC_c6c1e.dir/CheckFunctionExists.c.o   -c /usr/share/cmake-3.10/Modules/CheckFunctionExists.c
Linking C executable cmTC_c6c1e
/usr/bin/cmake -E cmake_link_script CMakeFiles/cmTC_c6c1e.dir/link.txt --verbose=1
/usr/bin/cc  -DCHECK_FUNCTION_EXISTS=pthread_create    CMakeFiles/cmTC_c6c1e.dir/CheckFunctionExists.c.o  -o cmTC_c6c1e -lpthreads 
/usr/bin/ld: cannot find -lpthreads
collect2: error: ld returned 1 exit status
CMakeFiles/cmTC_c6c1e.dir/build.make:97: recipe for target 'cmTC_c6c1e' failed
make[1]: *** [cmTC_c6c1e] Error 1
make[1]: Leaving directory '/home/codio/workspace/hw3/hw3_tests/CMakeFiles/CMakeTmp'
Makefile:126: recipe for target 'cmTC_c6c1e/fast' failed
make: *** [cmTC_c6c1e/fast] Error 2
=======
Run Build Command:"/usr/bin/make" "cmTC_1a9a9/fast"
/usr/bin/make -f CMakeFiles/cmTC_1a9a9.dir/build.make CMakeFiles/cmTC_1a9a9.dir/build
make[1]: Entering directory '/home/codio/workspace/hw3/hw3_tests/CMakeFiles/CMakeTmp'
Building C object CMakeFiles/cmTC_1a9a9.dir/CheckFunctionExists.c.o
/usr/bin/cc   -DCHECK_FUNCTION_EXISTS=pthread_create   -o CMakeFiles/cmTC_1a9a9.dir/CheckFunctionExists.c.o   -c /usr/share/cmake-3.10/Modules/CheckFunctionExists.c
Linking C executable cmTC_1a9a9
/usr/bin/cmake -E cmake_link_script CMakeFiles/cmTC_1a9a9.dir/link.txt --verbose=1
/usr/bin/cc  -DCHECK_FUNCTION_EXISTS=pthread_create    CMakeFiles/cmTC_1a9a9.dir/CheckFunctionExists.c.o  -o cmTC_1a9a9 -lpthreads 
/usr/bin/ld: cannot find -lpthreads
collect2: error: ld returned 1 exit status
CMakeFiles/cmTC_1a9a9.dir/build.make:97: recipe for target 'cmTC_1a9a9' failed
make[1]: *** [cmTC_1a9a9] Error 1
make[1]: Leaving directory '/home/codio/workspace/hw3/hw3_tests/CMakeFiles/CMakeTmp'
Makefile:126: recipe for target 'cmTC_1a9a9/fast' failed
make: *** [cmTC_1a9a9/fast] Error 2
>>>>>>> 4f625840be2f8b71b708e59b4cd5b618df406c7a


Checking whether C++ compiler has '__int64' failed to compile with the following output:
Change Dir: /home/codio/workspace/hw3/hw3_tests/testing_utils/kwsys/CMakeFiles/CMakeTmp

<<<<<<< HEAD
Run Build Command:"/usr/bin/make" "cmTC_9e38a/fast"
/usr/bin/make -f CMakeFiles/cmTC_9e38a.dir/build.make CMakeFiles/cmTC_9e38a.dir/build
make[1]: Entering directory '/home/codio/workspace/hw3/hw3_tests/testing_utils/kwsys/CMakeFiles/CMakeTmp'
Building CXX object CMakeFiles/cmTC_9e38a.dir/kwsysPlatformTestsCXX.cxx.o
/usr/bin/c++  -DTEST_KWSYS_CXX_HAS___INT64  -Wall    -o CMakeFiles/cmTC_9e38a.dir/kwsysPlatformTestsCXX.cxx.o -c /home/codio/workspace/hw3/hw3_tests/testing_utils/kwsys/kwsysPlatformTestsCXX.cxx
=======
Run Build Command:"/usr/bin/make" "cmTC_9403a/fast"
/usr/bin/make -f CMakeFiles/cmTC_9403a.dir/build.make CMakeFiles/cmTC_9403a.dir/build
make[1]: Entering directory '/home/codio/workspace/hw3/hw3_tests/testing_utils/kwsys/CMakeFiles/CMakeTmp'
Building CXX object CMakeFiles/cmTC_9403a.dir/kwsysPlatformTestsCXX.cxx.o
/usr/bin/c++  -DTEST_KWSYS_CXX_HAS___INT64  -Wall    -o CMakeFiles/cmTC_9403a.dir/kwsysPlatformTestsCXX.cxx.o -c /home/codio/workspace/hw3/hw3_tests/testing_utils/kwsys/kwsysPlatformTestsCXX.cxx
>>>>>>> 4f625840be2f8b71b708e59b4cd5b618df406c7a
/home/codio/workspace/hw3/hw3_tests/testing_utils/kwsys/kwsysPlatformTestsCXX.cxx:24:1: error: ‘__int64’ does not name a type; did you mean ‘__amd64’?
 __int64 f(__int64 n)
 ^~~~~~~
 __amd64
/home/codio/workspace/hw3/hw3_tests/testing_utils/kwsys/kwsysPlatformTestsCXX.cxx: In function ‘int main()’:
/home/codio/workspace/hw3/hw3_tests/testing_utils/kwsys/kwsysPlatformTestsCXX.cxx:30:3: error: ‘__int64’ was not declared in this scope
   __int64 n = 0;
   ^~~~~~~
/home/codio/workspace/hw3/hw3_tests/testing_utils/kwsys/kwsysPlatformTestsCXX.cxx:30:3: note: suggested alternative: ‘__amd64’
   __int64 n = 0;
   ^~~~~~~
   __amd64
/home/codio/workspace/hw3/hw3_tests/testing_utils/kwsys/kwsysPlatformTestsCXX.cxx:31:29: error: ‘n’ was not declared in this scope
   return static_cast<int>(f(n));
                             ^
/home/codio/workspace/hw3/hw3_tests/testing_utils/kwsys/kwsysPlatformTestsCXX.cxx:31:27: error: ‘f’ was not declared in this scope
   return static_cast<int>(f(n));
                           ^
<<<<<<< HEAD
CMakeFiles/cmTC_9e38a.dir/build.make:65: recipe for target 'CMakeFiles/cmTC_9e38a.dir/kwsysPlatformTestsCXX.cxx.o' failed
make[1]: *** [CMakeFiles/cmTC_9e38a.dir/kwsysPlatformTestsCXX.cxx.o] Error 1
make[1]: Leaving directory '/home/codio/workspace/hw3/hw3_tests/testing_utils/kwsys/CMakeFiles/CMakeTmp'
Makefile:126: recipe for target 'cmTC_9e38a/fast' failed
make: *** [cmTC_9e38a/fast] Error 2
=======
CMakeFiles/cmTC_9403a.dir/build.make:65: recipe for target 'CMakeFiles/cmTC_9403a.dir/kwsysPlatformTestsCXX.cxx.o' failed
make[1]: *** [CMakeFiles/cmTC_9403a.dir/kwsysPlatformTestsCXX.cxx.o] Error 1
make[1]: Leaving directory '/home/codio/workspace/hw3/hw3_tests/testing_utils/kwsys/CMakeFiles/CMakeTmp'
Makefile:126: recipe for target 'cmTC_9403a/fast' failed
make: *** [cmTC_9403a/fast] Error 2
>>>>>>> 4f625840be2f8b71b708e59b4cd5b618df406c7a


Checking whether CXX compiler has environ in stdlib.h failed to compile with the following output:
Change Dir: /home/codio/workspace/hw3/hw3_tests/testing_utils/kwsys/CMakeFiles/CMakeTmp

<<<<<<< HEAD
Run Build Command:"/usr/bin/make" "cmTC_8773c/fast"
/usr/bin/make -f CMakeFiles/cmTC_8773c.dir/build.make CMakeFiles/cmTC_8773c.dir/build
make[1]: Entering directory '/home/codio/workspace/hw3/hw3_tests/testing_utils/kwsys/CMakeFiles/CMakeTmp'
Building CXX object CMakeFiles/cmTC_8773c.dir/kwsysPlatformTestsCXX.cxx.o
/usr/bin/c++  -DTEST_KWSYS_CXX_HAS_ENVIRON_IN_STDLIB_H  -Wall    -o CMakeFiles/cmTC_8773c.dir/kwsysPlatformTestsCXX.cxx.o -c /home/codio/workspace/hw3/hw3_tests/testing_utils/kwsys/kwsysPlatformTestsCXX.cxx
=======
Run Build Command:"/usr/bin/make" "cmTC_648dc/fast"
/usr/bin/make -f CMakeFiles/cmTC_648dc.dir/build.make CMakeFiles/cmTC_648dc.dir/build
make[1]: Entering directory '/home/codio/workspace/hw3/hw3_tests/testing_utils/kwsys/CMakeFiles/CMakeTmp'
Building CXX object CMakeFiles/cmTC_648dc.dir/kwsysPlatformTestsCXX.cxx.o
/usr/bin/c++  -DTEST_KWSYS_CXX_HAS_ENVIRON_IN_STDLIB_H  -Wall    -o CMakeFiles/cmTC_648dc.dir/kwsysPlatformTestsCXX.cxx.o -c /home/codio/workspace/hw3/hw3_tests/testing_utils/kwsys/kwsysPlatformTestsCXX.cxx
>>>>>>> 4f625840be2f8b71b708e59b4cd5b618df406c7a
/home/codio/workspace/hw3/hw3_tests/testing_utils/kwsys/kwsysPlatformTestsCXX.cxx: In function ‘int main()’:
/home/codio/workspace/hw3/hw3_tests/testing_utils/kwsys/kwsysPlatformTestsCXX.cxx:196:13: error: ‘environ’ was not declared in this scope
   char* e = environ[0];
             ^~~~~~~
/home/codio/workspace/hw3/hw3_tests/testing_utils/kwsys/kwsysPlatformTestsCXX.cxx:196:13: note: suggested alternative: ‘union’
   char* e = environ[0];
             ^~~~~~~
             union
<<<<<<< HEAD
CMakeFiles/cmTC_8773c.dir/build.make:65: recipe for target 'CMakeFiles/cmTC_8773c.dir/kwsysPlatformTestsCXX.cxx.o' failed
make[1]: *** [CMakeFiles/cmTC_8773c.dir/kwsysPlatformTestsCXX.cxx.o] Error 1
make[1]: Leaving directory '/home/codio/workspace/hw3/hw3_tests/testing_utils/kwsys/CMakeFiles/CMakeTmp'
Makefile:126: recipe for target 'cmTC_8773c/fast' failed
make: *** [cmTC_8773c/fast] Error 2
=======
CMakeFiles/cmTC_648dc.dir/build.make:65: recipe for target 'CMakeFiles/cmTC_648dc.dir/kwsysPlatformTestsCXX.cxx.o' failed
make[1]: *** [CMakeFiles/cmTC_648dc.dir/kwsysPlatformTestsCXX.cxx.o] Error 1
make[1]: Leaving directory '/home/codio/workspace/hw3/hw3_tests/testing_utils/kwsys/CMakeFiles/CMakeTmp'
Makefile:126: recipe for target 'cmTC_648dc/fast' failed
make: *** [cmTC_648dc/fast] Error 2
>>>>>>> 4f625840be2f8b71b708e59b4cd5b618df406c7a


Checking whether CXX compiler struct stat has st_mtimespec member failed to compile with the following output:
Change Dir: /home/codio/workspace/hw3/hw3_tests/testing_utils/kwsys/CMakeFiles/CMakeTmp

<<<<<<< HEAD
Run Build Command:"/usr/bin/make" "cmTC_01fbb/fast"
/usr/bin/make -f CMakeFiles/cmTC_01fbb.dir/build.make CMakeFiles/cmTC_01fbb.dir/build
make[1]: Entering directory '/home/codio/workspace/hw3/hw3_tests/testing_utils/kwsys/CMakeFiles/CMakeTmp'
Building CXX object CMakeFiles/cmTC_01fbb.dir/kwsysPlatformTestsCXX.cxx.o
/usr/bin/c++  -DTEST_KWSYS_CXX_STAT_HAS_ST_MTIMESPEC  -Wall    -o CMakeFiles/cmTC_01fbb.dir/kwsysPlatformTestsCXX.cxx.o -c /home/codio/workspace/hw3/hw3_tests/testing_utils/kwsys/kwsysPlatformTestsCXX.cxx
=======
Run Build Command:"/usr/bin/make" "cmTC_ca06b/fast"
/usr/bin/make -f CMakeFiles/cmTC_ca06b.dir/build.make CMakeFiles/cmTC_ca06b.dir/build
make[1]: Entering directory '/home/codio/workspace/hw3/hw3_tests/testing_utils/kwsys/CMakeFiles/CMakeTmp'
Building CXX object CMakeFiles/cmTC_ca06b.dir/kwsysPlatformTestsCXX.cxx.o
/usr/bin/c++  -DTEST_KWSYS_CXX_STAT_HAS_ST_MTIMESPEC  -Wall    -o CMakeFiles/cmTC_ca06b.dir/kwsysPlatformTestsCXX.cxx.o -c /home/codio/workspace/hw3/hw3_tests/testing_utils/kwsys/kwsysPlatformTestsCXX.cxx
>>>>>>> 4f625840be2f8b71b708e59b4cd5b618df406c7a
/home/codio/workspace/hw3/hw3_tests/testing_utils/kwsys/kwsysPlatformTestsCXX.cxx: In function ‘int main()’:
/home/codio/workspace/hw3/hw3_tests/testing_utils/kwsys/kwsysPlatformTestsCXX.cxx:57:15: error: ‘struct stat’ has no member named ‘st_mtimespec’; did you mean ‘st_mtim’?
   (void)stat1.st_mtimespec.tv_sec;
               ^~~~~~~~~~~~
               st_mtim
/home/codio/workspace/hw3/hw3_tests/testing_utils/kwsys/kwsysPlatformTestsCXX.cxx:58:15: error: ‘struct stat’ has no member named ‘st_mtimespec’; did you mean ‘st_mtim’?
   (void)stat1.st_mtimespec.tv_nsec;
               ^~~~~~~~~~~~
               st_mtim
<<<<<<< HEAD
CMakeFiles/cmTC_01fbb.dir/build.make:65: recipe for target 'CMakeFiles/cmTC_01fbb.dir/kwsysPlatformTestsCXX.cxx.o' failed
make[1]: *** [CMakeFiles/cmTC_01fbb.dir/kwsysPlatformTestsCXX.cxx.o] Error 1
make[1]: Leaving directory '/home/codio/workspace/hw3/hw3_tests/testing_utils/kwsys/CMakeFiles/CMakeTmp'
Makefile:126: recipe for target 'cmTC_01fbb/fast' failed
make: *** [cmTC_01fbb/fast] Error 2
=======
CMakeFiles/cmTC_ca06b.dir/build.make:65: recipe for target 'CMakeFiles/cmTC_ca06b.dir/kwsysPlatformTestsCXX.cxx.o' failed
make[1]: *** [CMakeFiles/cmTC_ca06b.dir/kwsysPlatformTestsCXX.cxx.o] Error 1
make[1]: Leaving directory '/home/codio/workspace/hw3/hw3_tests/testing_utils/kwsys/CMakeFiles/CMakeTmp'
Makefile:126: recipe for target 'cmTC_ca06b/fast' failed
make: *** [cmTC_ca06b/fast] Error 2
>>>>>>> 4f625840be2f8b71b708e59b4cd5b618df406c7a


